2025-03-02T08:52:36.193 INFO  console - Installing service 'Killing Floor 2 Server pepe (kf2-server-pepe)'...
2025-03-02T08:52:36.244 INFO  console - Service 'Killing Floor 2 Server pepe (kf2-server-pepe)' was installed successfully.
2025-03-02T08:52:38.247 INFO  console - Starting service 'Killing Floor 2 Server pepe (kf2-server-pepe)'...
2025-03-02T08:52:38.452 DEBUG console - Starting WinSW in service mode.
2025-03-02T08:52:38.484 INFO  service - Starting D:\kf2server/Binaries/Win64/KFServer.exe
2025-03-02T08:52:38.535 INFO  service - Started process KFServer (468).
2025-03-02T08:52:38.554 INFO  service - Service started successfully.
2025-03-02T08:52:38.733 INFO  console - Service 'Killing Floor 2 Server pepe (kf2-server-pepe)' started successfully.
2025-03-02T08:54:10.308 INFO  console - Stopping service 'Killing Floor 2 Server pepe (kf2-server-pepe)'...
2025-03-02T08:54:10.325 INFO  service - Stopping kf2-server-pepe
2025-03-02T08:54:10.327 DEBUG service - ProcessKill 468
2025-03-02T08:54:11.097 INFO  service - Child process 'KFServer (468)' canceled with code 0.
2025-03-02T08:54:11.111 INFO  service - Finished kf2-server-pepe
2025-03-02T08:54:11.112 INFO  service - Service stopped successfully.
2025-03-02T08:54:11.366 INFO  console - Service 'Killing Floor 2 Server pepe (kf2-server-pepe)' stopped successfully.
2025-03-02T08:54:27.089 INFO  console - Uninstalling service 'Killing Floor 2 Server pepe (kf2-server-pepe)'...
2025-03-02T08:54:27.113 INFO  console - Service 'Killing Floor 2 Server pepe (kf2-server-pepe)' was uninstalled successfully.
2025-03-02T08:59:12.413 INFO  console - Installing service 'Killing Floor 2 Server pepe (kf2-server-pepe)'...
2025-03-02T08:59:12.449 INFO  console - Service 'Killing Floor 2 Server pepe (kf2-server-pepe)' was installed successfully.
2025-03-02T08:59:14.332 INFO  console - Starting service 'Killing Floor 2 Server pepe (kf2-server-pepe)'...
2025-03-02T08:59:14.540 DEBUG console - Starting WinSW in service mode.
2025-03-02T08:59:14.574 INFO  service - Starting D:\kf2server/Binaries/Win64/KFServer.exe
2025-03-02T08:59:14.598 INFO  service - Started process KFServer (26204).
2025-03-02T08:59:14.615 INFO  service - Service started successfully.
2025-03-02T08:59:14.824 INFO  console - Service 'Killing Floor 2 Server pepe (kf2-server-pepe)' started successfully.
2025-03-02T09:00:17.327 INFO  console - Stopping service 'Killing Floor 2 Server pepe (kf2-server-pepe)'...
2025-03-02T09:00:17.343 INFO  service - Stopping kf2-server-pepe
2025-03-02T09:00:17.345 DEBUG service - ProcessKill 26204
2025-03-02T09:00:18.695 INFO  service - Child process 'KFServer (26204)' canceled with code 0.
2025-03-02T09:00:18.709 INFO  service - Finished kf2-server-pepe
2025-03-02T09:00:18.709 INFO  service - Service stopped successfully.
2025-03-02T09:00:18.915 INFO  console - Service 'Killing Floor 2 Server pepe (kf2-server-pepe)' stopped successfully.
2025-03-02T09:00:27.910 INFO  console - Uninstalling service 'Killing Floor 2 Server pepe (kf2-server-pepe)'...
2025-03-02T09:00:27.936 INFO  console - Service 'Killing Floor 2 Server pepe (kf2-server-pepe)' was uninstalled successfully.
