2025-03-02T07:54:53.925 INFO  console - Installing service 'Killing Floor 2 Server Default (kf2-server-default)'...
2025-03-02T07:54:53.969 INFO  console - Service 'Killing Floor 2 Server Default (kf2-server-default)' was installed successfully.
2025-03-02T07:56:51.498 INFO  console - Uninstalling service 'Killing Floor 2 Server Default (kf2-server-default)'...
2025-03-02T07:56:51.523 INFO  console - Service 'Killing Floor 2 Server Default (kf2-server-default)' was uninstalled successfully.
2025-03-02T08:05:35.616 INFO  console - Installing service 'Killing Floor 2 Server Default (kf2-server-default)'...
2025-03-02T08:05:35.654 INFO  console - Service 'Killing Floor 2 Server Default (kf2-server-default)' was installed successfully.
2025-03-02T08:07:37.197 INFO  console - Uninstalling service 'Killing Floor 2 Server Default (kf2-server-default)'...
2025-03-02T08:07:37.250 INFO  console - Service 'Killing Floor 2 Server Default (kf2-server-default)' was uninstalled successfully.
2025-03-02T08:08:29.951 FATAL console - An error occurred trying to start process 'C:\Users\cesar\git\simple-kf2-server-launcher\utils\WinSW-x64.exe' with working directory 'C:\Users\cesar\git\simple-kf2-server-launcher\utils'. El usuario ha cancelado la operación.
2025-03-02T08:09:13.937 INFO  console - Installing service 'Killing Floor 2 Server Default (kf2-server-default)'...
2025-03-02T08:09:13.974 INFO  console - Service 'Killing Floor 2 Server Default (kf2-server-default)' was installed successfully.
2025-03-02T08:12:08.208 INFO  console - Service 'Killing Floor 2 Server Default (kf2-server-default)' was refreshed successfully.
2025-03-02T08:12:08.229 INFO  console - Starting service 'Killing Floor 2 Server Default (kf2-server-default)'...
2025-03-02T08:12:08.452 DEBUG console - Starting WinSW in service mode.
2025-03-02T08:12:08.478 INFO  console - Service 'Killing Floor 2 Server Default (kf2-server-default)' was refreshed successfully.
2025-03-02T08:12:08.488 INFO  service - Starting D:\kf2server/Binaries/Win64/KFServer.exe
2025-03-02T08:12:08.508 INFO  service - Started process KFServer (25436).
2025-03-02T08:12:08.525 INFO  service - Service started successfully.
2025-03-02T08:12:08.741 INFO  console - Service 'Killing Floor 2 Server Default (kf2-server-default)' started successfully.
2025-03-02T08:12:46.275 INFO  console - Service 'Killing Floor 2 Server Default (kf2-server-default)' was refreshed successfully.
2025-03-02T08:12:46.291 INFO  console - Stopping service 'Killing Floor 2 Server Default (kf2-server-default)'...
2025-03-02T08:12:46.294 INFO  service - Stopping kf2-server-default
2025-03-02T08:12:46.295 DEBUG service - ProcessKill 25436
2025-03-02T08:12:47.477 INFO  service - Child process 'KFServer (25436)' canceled with code 0.
2025-03-02T08:12:47.492 INFO  service - Finished kf2-server-default
2025-03-02T08:12:47.493 INFO  service - Service stopped successfully.
2025-03-02T08:12:47.607 INFO  console - Service 'Killing Floor 2 Server Default (kf2-server-default)' stopped successfully.
2025-03-02T08:12:58.690 INFO  console - Uninstalling service 'Killing Floor 2 Server Default (kf2-server-default)'...
2025-03-02T08:12:58.714 INFO  console - Service 'Killing Floor 2 Server Default (kf2-server-default)' was uninstalled successfully.
2025-03-02T08:14:51.795 INFO  console - Installing service 'Killing Floor 2 Server Default (kf2-server-default)'...
2025-03-02T08:14:51.831 INFO  console - Service 'Killing Floor 2 Server Default (kf2-server-default)' was installed successfully.
2025-03-02T08:15:01.296 INFO  console - Starting service 'Killing Floor 2 Server Default (kf2-server-default)'...
2025-03-02T08:15:01.502 DEBUG console - Starting WinSW in service mode.
2025-03-02T08:15:01.535 INFO  service - Starting D:\kf2server/Binaries/Win64/KFServer.exe
2025-03-02T08:15:01.558 INFO  service - Started process KFServer (4764).
2025-03-02T08:15:01.574 INFO  service - Service started successfully.
2025-03-02T08:15:01.784 INFO  console - Service 'Killing Floor 2 Server Default (kf2-server-default)' started successfully.
2025-03-02T08:53:54.813 INFO  console - Service 'Killing Floor 2 Server Default (kf2-server-default)' was refreshed successfully.
2025-03-02T08:53:54.830 INFO  console - Stopping service 'Killing Floor 2 Server Default (kf2-server-default)'...
2025-03-02T08:53:54.832 INFO  service - Stopping kf2-server-default
2025-03-02T08:53:54.834 DEBUG service - ProcessKill 4764
2025-03-02T08:53:56.080 INFO  service - Child process 'KFServer (4764)' canceled with code 0.
2025-03-02T08:53:56.094 INFO  service - Finished kf2-server-default
2025-03-02T08:53:56.095 INFO  service - Service stopped successfully.
2025-03-02T08:53:56.142 INFO  console - Service 'Killing Floor 2 Server Default (kf2-server-default)' stopped successfully.
2025-03-02T08:54:39.830 INFO  console - Uninstalling service 'Killing Floor 2 Server Default (kf2-server-default)'...
2025-03-02T08:54:39.854 INFO  console - Service 'Killing Floor 2 Server Default (kf2-server-default)' was uninstalled successfully.
